<?xml version="1.0" encoding="UTF-8"?>
<!-- Generated by org.testng.reporters.JUnitXMLReporter -->
<testsuite hostname="DESKTOP-T3FFUFN" ignored="0" name="Command line test" tests="2" failures="0" timestamp="2022-07-30T23:41:01 ICT" time="14.152" errors="0">
  <testcase name="runScenario" time="8.66" classname="io.cucumber.testng.AbstractTestNGCucumberTests"/>
  <testcase name="runScenario" time="1.186" classname="io.cucumber.testng.AbstractTestNGCucumberTests"/>
</testsuite> <!-- Command line test -->
