<?xml version="1.0" encoding="UTF-8"?>
<!-- Generated by org.testng.reporters.JUnitXMLReporter -->
<testsuite hostname="DESKTOP-T3FFUFN" ignored="0" name="Command line test" tests="2" failures="0" timestamp="2022-06-11T16:28:09 ICT" time="14.162" errors="0">
  <testcase name="runScenario" time="8.753" classname="io.cucumber.testng.AbstractTestNGCucumberTests"/>
  <testcase name="runScenario" time="1.444" classname="io.cucumber.testng.AbstractTestNGCucumberTests"/>
</testsuite> <!-- Command line test -->
