<?xml version="1.0" encoding="UTF-8"?>
<testng-results skipped="0" failed="0" ignored="0" total="2" passed="2">
  <reporter-output>
  </reporter-output>
  <suite name="CucumberRunner.TestRunner" duration-ms="14152" started-at="2022-07-30T23:40:47 ICT" finished-at="2022-07-30T23:41:01 ICT">
    <groups>
      <group name="cucumber">
        <method signature="AbstractTestNGCucumberTests.runScenario(io.cucumber.testng.PickleWrapper,io.cucumber.testng.FeatureWrapper)[pri:0, instance:CucumberRunner.TestRunner@7a3d45bd]" name="runScenario" class="io.cucumber.testng.AbstractTestNGCucumberTests"/>
      </group> <!-- cucumber -->
    </groups>
    <test name="Command line test" duration-ms="14152" started-at="2022-07-30T23:40:47 ICT" finished-at="2022-07-30T23:41:01 ICT">
      <class name="CucumberRunner.TestRunner">
        <test-method status="PASS" signature="setUpClass(org.testng.ITestContext)[pri:0, instance:CucumberRunner.TestRunner@7a3d45bd]" name="setUpClass" is-config="true" duration-ms="1152" started-at="2022-07-30T23:40:47 ICT" finished-at="2022-07-30T23:40:48 ICT">
          <params>
            <param index="0">
              <value>
                <![CDATA[org.testng.TestRunner@7342e05d]]>
              </value>
            </param>
          </params>
          <reporter-output>
          </reporter-output>
        </test-method> <!-- setUpClass -->
        <test-method status="PASS" signature="runScenario(io.cucumber.testng.PickleWrapper,io.cucumber.testng.FeatureWrapper)[pri:0, instance:CucumberRunner.TestRunner@7a3d45bd]" name="runScenario" duration-ms="8660" started-at="2022-07-30T23:40:48 ICT" description="Runs Cucumber Scenarios" data-provider="scenarios" finished-at="2022-07-30T23:40:57 ICT">
          <params>
            <param index="0">
              <value>
                <![CDATA["User logs in with a valid account"]]>
              </value>
            </param>
            <param index="1">
              <value>
                <![CDATA["Optional[Login]"]]>
              </value>
            </param>
          </params>
          <reporter-output>
          </reporter-output>
        </test-method> <!-- runScenario -->
        <test-method status="PASS" signature="runScenario(io.cucumber.testng.PickleWrapper,io.cucumber.testng.FeatureWrapper)[pri:0, instance:CucumberRunner.TestRunner@7a3d45bd]" name="runScenario" duration-ms="1186" started-at="2022-07-30T23:40:57 ICT" description="Runs Cucumber Scenarios" data-provider="scenarios" finished-at="2022-07-30T23:40:58 ICT">
          <params>
            <param index="0">
              <value>
                <![CDATA["User adds product to cart"]]>
              </value>
            </param>
            <param index="1">
              <value>
                <![CDATA["Optional[Your Cart]"]]>
              </value>
            </param>
          </params>
          <reporter-output>
          </reporter-output>
        </test-method> <!-- runScenario -->
        <test-method status="PASS" signature="tearDownClass()[pri:0, instance:CucumberRunner.TestRunner@7a3d45bd]" name="tearDownClass" is-config="true" duration-ms="3113" started-at="2022-07-30T23:40:58 ICT" finished-at="2022-07-30T23:41:01 ICT">
          <reporter-output>
          </reporter-output>
        </test-method> <!-- tearDownClass -->
      </class> <!-- CucumberRunner.TestRunner -->
    </test> <!-- Command line test -->
  </suite> <!-- CucumberRunner.TestRunner -->
</testng-results>
